Results of gitleaks linter (version 8.15.2)
See documentation on https://megalinter.io/6.18.0/descriptors/repository_gitleaks/
-----------------------------------------------

❌ [ERROR] for workspace /github/workspace
Linter raw log:

    ○
    │╲
    │ ○
    ○ ░
    ░    gitleaks

Finding:     ...OGLE_MAPS_API_KEY: '[1;3;mAIzaSyATV9qayPdPY8GHlyc0wPIr1r7AyW5UIwQ[0m',
Secret:      [1;3;mAIzaSyATV9qayPdPY8GHlyc0wPIr1r7AyW5UIwQ[0m
RuleID:      gcp-api-key
Entropy:     4.560668
File:        .scripts/configure.ts
Line:        63
Commit:      719c9a808f2f074b2668d3a07e4edeb3c3655984
Author:      Rahul Rathore
Email:       rahulrathore576@gmail.com
Date:        2020-11-26T16:56:56Z
Fingerprint: 719c9a808f2f074b2668d3a07e4edeb3c3655984:.scripts/configure.ts:gcp-api-key:63

Finding:     ...OGLE_MAPS_API_KEY: '[1;3;mAIzaSyATV9qayPdPY8GHlyc0wPIr1r7AyW5UIwQ[0m',
Secret:      [1;3;mAIzaSyATV9qayPdPY8GHlyc0wPIr1r7AyW5UIwQ[0m
RuleID:      gcp-api-key
Entropy:     4.560668
File:        apps/gauzy/src/environments/environment.ts
Line:        51
Commit:      719c9a808f2f074b2668d3a07e4edeb3c3655984
Author:      Rahul Rathore
Email:       rahulrathore576@gmail.com
Date:        2020-11-26T16:56:56Z
Fingerprint: 719c9a808f2f074b2668d3a07e4edeb3c3655984:apps/gauzy/src/environments/environment.ts:gcp-api-key:51

Finding:     ...ssageGoogleMapKey: '[1;3;mAIzaSyA_wNuCzia92MAmdLRzmqitRGvCF7wCZPY[0m'
Secret:      [1;3;mAIzaSyA_wNuCzia92MAmdLRzmqitRGvCF7wCZPY[0m
RuleID:      gcp-api-key
Entropy:     4.663231
File:        apps/gauzy/src/app/app.module.ts
Line:        63
Commit:      db51a90a83054d81d2483b7c79d107f7f7bc03c9
Author:      Ruslan Konviser
Email:       evereq@gmail.com
Date:        2019-09-22T20:15:45Z
Fingerprint: db51a90a83054d81d2483b7c79d107f7f7bc03c9:apps/gauzy/src/app/app.module.ts:gcp-api-key:63

Finding:     clientSecret:'[1;3;mliU5ihpwoqnsmXJNxNjFp1yP[0m'
Secret:      [1;3;mliU5ihpwoqnsmXJNxNjFp1yP[0m
RuleID:      generic-api-key
Entropy:     4.334962
File:        apps/api/src/environments/environment.ts
Line:        52
Commit:      e8d742f77890afbc7d8e51f0eba9888e9eea90e6
Author:      elvis
Email:       dreemsuncho@gmail.com
Date:        2019-09-12T14:00:55Z
Fingerprint: e8d742f77890afbc7d8e51f0eba9888e9eea90e6:apps/api/src/environments/environment.ts:generic-api-key:52

Finding:     clientSecret: '[1;3;mliU5ihpwoqnsmXJNxNjFp1yP[0m',
Secret:      [1;3;mliU5ihpwoqnsmXJNxNjFp1yP[0m
RuleID:      generic-api-key
Entropy:     4.334962
File:        apps/api/src/app/auth/google.strategy.ts
Line:        18
Commit:      881a585cbb46ddbd84d20f1cb7920f722a2e9a3c
Author:      Dreemsuncho
Email:       dreemsuncho@gmail.com
Date:        2019-09-10T14:10:41Z
Fingerprint: 881a585cbb46ddbd84d20f1cb7920f722a2e9a3c:apps/api/src/app/auth/google.strategy.ts:generic-api-key:18

Finding:     ...ssageGoogleMapKey: '[1;3;mAIzaSyA_wNuCzia92MAmdLRzmqitRGvCF7wCZPY[0m',
Secret:      [1;3;mAIzaSyA_wNuCzia92MAmdLRzmqitRGvCF7wCZPY[0m
RuleID:      gcp-api-key
Entropy:     4.663231
File:        apps/gauzy/src/app/app.module.ts
Line:        59
Commit:      3f47c561881532f0a12fc0378067e3c6fb3e0be3
Author:      Ruslan Konviser
Email:       evereq@gmail.com
Date:        2019-08-07T19:23:02Z
Fingerprint: 3f47c561881532f0a12fc0378067e3c6fb3e0be3:apps/gauzy/src/app/app.module.ts:gcp-api-key:59

Finding:     api_secret: '[1;3;m-6Ww86MFBwgvV7hhwnVwwht16N0[0m'
Secret:      [1;3;m-6Ww86MFBwgvV7hhwnVwwht16N0[0m
RuleID:      generic-api-key
Entropy:     3.898613
File:        apps/gauzy/src/environments/environment.ts
Line:        24
Commit:      3f47c561881532f0a12fc0378067e3c6fb3e0be3
Author:      Ruslan Konviser
Email:       evereq@gmail.com
Date:        2019-08-07T19:23:02Z
Fingerprint: 3f47c561881532f0a12fc0378067e3c6fb3e0be3:apps/gauzy/src/environments/environment.ts:generic-api-key:24

Finding:     clientSecret: '[1;3;mCLQazfQopWmxLiyu5ClSpOfL[0m',
Secret:      [1;3;mCLQazfQopWmxLiyu5ClSpOfL[0m
RuleID:      generic-api-key
Entropy:     4.053509
File:        apps/api/src/app/auth/google.strategy.ts
Line:        14
Commit:      b1ed4fc979584a9a6bca676e6ff67e6262ab86c2
Author:      Emil Momchilov
Email:       emil@pernik.org
Date:        2019-07-26T11:34:21Z
Fingerprint: b1ed4fc979584a9a6bca676e6ff67e6262ab86c2:apps/api/src/app/auth/google.strategy.ts:generic-api-key:14

Finding:     ...ssageGoogleMapKey: '[1;3;mAIzaSyA_wNuCzia92MAmdLRzmqitRGvCF7wCZPY[0m',
Secret:      [1;3;mAIzaSyA_wNuCzia92MAmdLRzmqitRGvCF7wCZPY[0m
RuleID:      gcp-api-key
Entropy:     4.663231
File:        apps/gauzy/src/app/app.module.ts
Line:        42
Commit:      760f3e676f8a3860df969431cd45a92ad5525726
Author:      alish
Email:       alish931@abv.bg
Date:        2019-06-17T14:36:03Z
Fingerprint: 760f3e676f8a3860df969431cd45a92ad5525726:apps/gauzy/src/app/app.module.ts:gcp-api-key:42

[90m4:45PM[0m [32mINF[0m 12388 commits scanned.
[90m4:45PM[0m [32mINF[0m scan completed in 3m20s
[90m4:45PM[0m [31mWRN[0m leaks found: 9

