Results of htmlhint linter (version 1.1.4)
See documentation on https://megalinter.io/6.18.0/descriptors/html_htmlhint/
-----------------------------------------------

❌ [ERROR] for workspace /github/workspace
Linter raw log:

   Config loaded: /action/lib/.automation/.htmlhintrc

   /github/workspace/apps/gauzy/src/app/@shared/table-components/status-view/status-view.component.html
[37m      L1 |[90m<nb-badge [text]="value | replace: '_':' ' | titlecase" [status]="status" position="centered" class="...[39m
[37m          ^ [31mDoctype must be declared first. (doctype-first)[39m

   Config loaded: /action/lib/.automation/.htmlhintrc

   /github/workspace/megalinter-reports/copy-paste/html/index.html
[37m      L1 |[90m...<title>jscpd - copy/paste report</title><script defer="defer" src="js/chunk-vendors.40c884bf.js"></sc...[39m
[37m                                                     ^ [31mThe <script> tag cannot be used in a <head> tag. (head-script-disabled)[39m
[37m      L1 |[90m..."js/chunk-vendors.40c884bf.js"></script><script defer="defer" src="js/app.4a4d284c.js"></script><link...[39m
[37m                                                     ^ [31mThe <script> tag cannot be used in a <head> tag. (head-script-disabled)[39m

   Config loaded: /action/lib/.automation/.htmlhintrc

   /github/workspace/megalinter-reports/updated_sources/megalinter-reports/copy-paste/html/index.html
[37m      L1 |[90m...<title>jscpd - copy/paste report</title><script defer="defer" src="js/chunk-vendors.40c884bf.js"></sc...[39m
[37m                                                     ^ [31mThe <script> tag cannot be used in a <head> tag. (head-script-disabled)[39m
[37m      L1 |[90m..."js/chunk-vendors.40c884bf.js"></script><script defer="defer" src="js/app.4a4d284c.js"></script><link...[39m
[37m                                                     ^ [31mThe <script> tag cannot be used in a <head> tag. (head-script-disabled)[39m

Scanned 3 files, found 5 errors in 3 files (448 ms)

