Results of djlint linter (version 1.19.11)
See documentation on https://megalinter.io/6.18.0/descriptors/html_djlint/
-----------------------------------------------

❌ [ERROR] for workspace /github/workspace
Linter raw log:

Linting 0/9 files ┈┈┈┈┈┈┈┈┈┈ 00:00    Linting 1/9 files ━┈┈┈┈┈┈┈┈┈ 07:56    Linting 2/9 files ━━┈┈┈┈┈┈┈┈ 07:58    Linting 3/9 files ━━━┈┈┈┈┈┈┈ 15:59    Linting 4/9 files ━━━━┈┈┈┈┈┈ 16:04    Linting 5/9 files ━━━━━┈┈┈┈┈ 24:01    Linting 6/9 files ━━━━━━┈┈┈┈ 24:10    Linting 7/9 files ━━━━━━━┈┈┈ 32:02    Linting 8/9 files ━━━━━━━━┈┈ 32:14    Linting 9/9 files ━━━━━━━━━━ 37:22                                          Linting 9/9 files ━━━━━━━━━━ 37:22    Linting 9/9 files ━━━━━━━━━━ 37:22    


megalinter-reports/copy-paste/html/index.html
───────────────────────────────────────────────────────────────────────────────
H030 1:15 Consider adding a meta description. <html lang="en"><hea
H031 1:15 Consider adding meta keywords. <html lang="en"><hea
H017 1:37 Tag should be self closing. <meta charset="utf-8
H017 1:59 Tag should be self closing. <meta http-equiv="X-
H017 1:112 Tag should be self closing. <meta name="viewport
H017 1:566 Tag should be self closing. <link rel="icon" typ
H017 1:649 Tag should be self closing. <link rel="manifest"
H017 1:691 Tag should be self closing. <meta name="theme-co
H017 1:734 Tag should be self closing. <meta name="apple-mo
H017 1:789 Tag should be self closing. <meta name="apple-mo
H017 1:858 Tag should be self closing. <meta name="apple-mo
H017 1:916 Tag should be self closing. <link rel="apple-tou
H017 1:991 Tag should be self closing. <link rel="mask-icon
H017 1:1068 Tag should be self closing. <meta name="msapplic
H017 1:1156 Tag should be self closing. <meta name="msapplic

megalinter-reports/updated_sources/megalinter-reports/copy-paste/html/index.html
───────────────────────────────────────────────────────────────────────────────
H030 1:15 Consider adding a meta description. <html lang="en"><hea
H031 1:15 Consider adding meta keywords. <html lang="en"><hea
H017 1:37 Tag should be self closing. <meta charset="utf-8
H017 1:59 Tag should be self closing. <meta http-equiv="X-
H017 1:112 Tag should be self closing. <meta name="viewport
H017 1:566 Tag should be self closing. <link rel="icon" typ
H017 1:649 Tag should be self closing. <link rel="manifest"
H017 1:691 Tag should be self closing. <meta name="theme-co
H017 1:734 Tag should be self closing. <meta name="apple-mo
H017 1:789 Tag should be self closing. <meta name="apple-mo
H017 1:858 Tag should be self closing. <meta name="apple-mo
H017 1:916 Tag should be self closing. <link rel="apple-tou
H017 1:991 Tag should be self closing. <link rel="mask-icon
H017 1:1068 Tag should be self closing. <meta name="msapplic
H017 1:1156 Tag should be self closing. <meta name="msapplic

megalinter-reports/updated_sources/megalinter-reports/updated_sources/megalinter-reports/copy-paste/html/index.html
───────────────────────────────────────────────────────────────────────────────
H030 1:15 Consider adding a meta description. <html lang="en"><hea
H031 1:15 Consider adding meta keywords. <html lang="en"><hea
H017 1:37 Tag should be self closing. <meta charset="utf-8
H017 1:59 Tag should be self closing. <meta http-equiv="X-
H017 1:112 Tag should be self closing. <meta name="viewport
H017 1:566 Tag should be self closing. <link rel="icon" typ
H017 1:649 Tag should be self closing. <link rel="manifest"
H017 1:691 Tag should be self closing. <meta name="theme-co
H017 1:734 Tag should be self closing. <meta name="apple-mo
H017 1:789 Tag should be self closing. <meta name="apple-mo
H017 1:858 Tag should be self closing. <meta name="apple-mo
H017 1:916 Tag should be self closing. <link rel="apple-tou
H017 1:991 Tag should be self closing. <link rel="mask-icon
H017 1:1068 Tag should be self closing. <meta name="msapplic
H017 1:1156 Tag should be self closing. <meta name="msapplic

megalinter-reports/updated_sources/megalinter-reports/updated_sources/megalinter-reports/updated_sources/megalinter-reports/copy-paste/html/index.html
───────────────────────────────────────────────────────────────────────────────
H030 1:15 Consider adding a meta description. <html lang="en"><hea
H031 1:15 Consider adding meta keywords. <html lang="en"><hea
H017 1:37 Tag should be self closing. <meta charset="utf-8
H017 1:59 Tag should be self closing. <meta http-equiv="X-
H017 1:112 Tag should be self closing. <meta name="viewport
H017 1:566 Tag should be self closing. <link rel="icon" typ
H017 1:649 Tag should be self closing. <link rel="manifest"
H017 1:691 Tag should be self closing. <meta name="theme-co
H017 1:734 Tag should be self closing. <meta name="apple-mo
H017 1:789 Tag should be self closing. <meta name="apple-mo
H017 1:858 Tag should be self closing. <meta name="apple-mo
H017 1:916 Tag should be self closing. <link rel="apple-tou
H017 1:991 Tag should be self closing. <link rel="mask-icon
H017 1:1068 Tag should be self closing. <meta name="msapplic
H017 1:1156 Tag should be self closing. <meta name="msapplic

megalinter-reports/updated_sources/megalinter-reports/updated_sources/megalinter-reports/updated_sources/megalinter-reports/updated_sources/megalinter-reports/copy-paste/html/index.html
───────────────────────────────────────────────────────────────────────────────
H030 1:15 Consider adding a meta description. <html lang="en"><hea
H031 1:15 Consider adding meta keywords. <html lang="en"><hea
H017 1:37 Tag should be self closing. <meta charset="utf-8
H017 1:59 Tag should be self closing. <meta http-equiv="X-
H017 1:112 Tag should be self closing. <meta name="viewport
H017 1:566 Tag should be self closing. <link rel="icon" typ
H017 1:649 Tag should be self closing. <link rel="manifest"
H017 1:691 Tag should be self closing. <meta name="theme-co
H017 1:734 Tag should be self closing. <meta name="apple-mo
H017 1:789 Tag should be self closing. <meta name="apple-mo
H017 1:858 Tag should be self closing. <meta name="apple-mo
H017 1:916 Tag should be self closing. <link rel="apple-tou
H017 1:991 Tag should be self closing. <link rel="mask-icon
H017 1:1068 Tag should be self closing. <meta name="msapplic
H017 1:1156 Tag should be self closing. <meta name="msapplic

megalinter-reports/updated_sources/megalinter-reports/updated_sources/megalinter-reports/updated_sources/megalinter-reports/updated_sources/megalinter-reports/updated_sources/megalinter-reports/copy-paste/html/index.html
───────────────────────────────────────────────────────────────────────────────
H030 1:15 Consider adding a meta description. <html lang="en"><hea
H031 1:15 Consider adding meta keywords. <html lang="en"><hea
H017 1:37 Tag should be self closing. <meta charset="utf-8
H017 1:59 Tag should be self closing. <meta http-equiv="X-
H017 1:112 Tag should be self closing. <meta name="viewport
H017 1:566 Tag should be self closing. <link rel="icon" typ
H017 1:649 Tag should be self closing. <link rel="manifest"
H017 1:691 Tag should be self closing. <meta name="theme-co
H017 1:734 Tag should be self closing. <meta name="apple-mo
H017 1:789 Tag should be self closing. <meta name="apple-mo
H017 1:858 Tag should be self closing. <meta name="apple-mo
H017 1:916 Tag should be self closing. <link rel="apple-tou
H017 1:991 Tag should be self closing. <link rel="mask-icon
H017 1:1068 Tag should be self closing. <meta name="msapplic
H017 1:1156 Tag should be self closing. <meta name="msapplic

megalinter-reports/updated_sources/megalinter-reports/updated_sources/megalinter-reports/updated_sources/megalinter-reports/updated_sources/megalinter-reports/updated_sources/megalinter-reports/updated_sources/megalinter-reports/copy-paste/html/index.html
───────────────────────────────────────────────────────────────────────────────
H030 1:15 Consider adding a meta description. <html lang="en"><hea
H031 1:15 Consider adding meta keywords. <html lang="en"><hea
H017 1:37 Tag should be self closing. <meta charset="utf-8
H017 1:59 Tag should be self closing. <meta http-equiv="X-
H017 1:112 Tag should be self closing. <meta name="viewport
H017 1:566 Tag should be self closing. <link rel="icon" typ
H017 1:649 Tag should be self closing. <link rel="manifest"
H017 1:691 Tag should be self closing. <meta name="theme-co
H017 1:734 Tag should be self closing. <meta name="apple-mo
H017 1:789 Tag should be self closing. <meta name="apple-mo
H017 1:858 Tag should be self closing. <meta name="apple-mo
H017 1:916 Tag should be self closing. <link rel="apple-tou
H017 1:991 Tag should be self closing. <link rel="mask-icon
H017 1:1068 Tag should be self closing. <meta name="msapplic
H017 1:1156 Tag should be self closing. <meta name="msapplic

megalinter-reports/updated_sources/megalinter-reports/updated_sources/megalinter-reports/updated_sources/megalinter-reports/updated_sources/megalinter-reports/updated_sources/megalinter-reports/updated_sources/megalinter-reports/updated_sources/megalinter-reports/copy-paste/html/index.html
───────────────────────────────────────────────────────────────────────────────
H030 1:15 Consider adding a meta description. <html lang="en"><hea
H031 1:15 Consider adding meta keywords. <html lang="en"><hea
H017 1:37 Tag should be self closing. <meta charset="utf-8
H017 1:59 Tag should be self closing. <meta http-equiv="X-
H017 1:112 Tag should be self closing. <meta name="viewport
H017 1:566 Tag should be self closing. <link rel="icon" typ
H017 1:649 Tag should be self closing. <link rel="manifest"
H017 1:691 Tag should be self closing. <meta name="theme-co
H017 1:734 Tag should be self closing. <meta name="apple-mo
H017 1:789 Tag should be self closing. <meta name="apple-mo
H017 1:858 Tag should be self closing. <meta name="apple-mo
H017 1:916 Tag should be self closing. <link rel="apple-tou
H017 1:991 Tag should be self closing. <link rel="mask-icon
H017 1:1068 Tag should be self closing. <meta name="msapplic
H017 1:1156 Tag should be self closing. <meta name="msapplic

megalinter-reports/updated_sources/megalinter-reports/updated_sources/megalinter-reports/updated_sources/megalinter-reports/updated_sources/megalinter-reports/updated_sources/megalinter-reports/updated_sources/megalinter-reports/updated_sources/megalinter-reports/updated_sources/megalinter-reports/copy-paste/html/index.html
───────────────────────────────────────────────────────────────────────────────
H030 1:15 Consider adding a meta description. <html lang="en"><hea
H031 1:15 Consider adding meta keywords. <html lang="en"><hea
H017 1:37 Tag should be self closing. <meta charset="utf-8
H017 1:59 Tag should be self closing. <meta http-equiv="X-
H017 1:112 Tag should be self closing. <meta name="viewport
H017 1:566 Tag should be self closing. <link rel="icon" typ
H017 1:649 Tag should be self closing. <link rel="manifest"
H017 1:691 Tag should be self closing. <meta name="theme-co
H017 1:734 Tag should be self closing. <meta name="apple-mo
H017 1:789 Tag should be self closing. <meta name="apple-mo
H017 1:858 Tag should be self closing. <meta name="apple-mo
H017 1:916 Tag should be self closing. <link rel="apple-tou
H017 1:991 Tag should be self closing. <link rel="mask-icon
H017 1:1068 Tag should be self closing. <meta name="msapplic
H017 1:1156 Tag should be self closing. <meta name="msapplic

Linted 9 files, found 135 errors.


