Results of checkov linter (version 2.1.244)
See documentation on https://megalinter.io/6.18.0/descriptors/repository_checkov/
-----------------------------------------------

❌ [ERROR] for workspace /github/workspace
Linter raw log:
terraform_plan scan results:

Passed checks: 0, Failed checks: 0, Skipped checks: 0, Parsing errors: 2

secrets scan results:

Passed checks: 0, Failed checks: 87, Skipped checks: 0

Check: CKV_SECRET_6: "Base64 High Entropy String"
	FAILED for resource: 9aaea6f329289d80748cea9813719c754b755aa0
	File: /apps/desktop-timer/src/assets/i18n/ach.json:500-501
	Guide: https://docs.bridgecrew.io/docs/git_secrets_6

		500 | 			"UPW***********": "crwdns9208:0crwdne9208:0",

Check: CKV_SECRET_6: "Base64 High Entropy String"
	FAILED for resource: 267b809451284bd9e6746b67c9571f681d285cdb
	File: /apps/desktop-timer/src/assets/i18n/ach.json:501-502
	Guide: https://docs.bridgecrew.io/docs/git_secrets_6

		501 | 			"UPW**********": "crwdns9210:0crwdne9210:0",

Check: CKV_SECRET_6: "Base64 High Entropy String"
	FAILED for resource: 67a8292c9106e09f587ca2573a2be318c5da251c
	File: /apps/desktop-timer/src/assets/i18n/ach.json:1014-1015
	Guide: https://docs.bridgecrew.io/docs/git_secrets_6

		1014 | 			"CLI**********": "crwdns7020:0crwdne7020:0",

Check: CKV_SECRET_6: "Base64 High Entropy String"
	FAILED for resource: 99d446b48ca36fe409085b0efe7ae87ced865333
	File: /apps/desktop-timer/src/assets/i18n/ach.json:2388-2389
	Guide: https://docs.bridgecrew.io/docs/git_secrets_6

		2388 | 		"REP************": "crwdns2243:0crwdne2243:0",

Check: CKV_SECRET_6: "Base64 High Entropy String"
	FAILED for resource: 46e447bc386c88a86dc9d44dcf92f1fa8408796a
	File: /apps/desktop-timer/src/assets/i18n/ach.json:2393-2394
	Guide: https://docs.bridgecrew.io/docs/git_secrets_6

		2393 | 			"PASSW*****************": "crwdns10549:0crwdne10549:0"

Check: CKV_SECRET_6: "Base64 High Entropy String"
	FAILED for resource: 1036b0e06a21c35ebc297acf466add20b8bde9dc
	File: /apps/desktop-timer/src/assets/i18n/ach.json:3695-3696
	Guide: https://docs.bridgecrew.io/docs/git_secrets_6

		3695 | 		"FORGO****************": "crwdns10833:0crwdne10833:0",

Check: CKV_SECRET_6: "Base64 High Entropy String"
	FAILED for resource: 0cffaaeecd3152309be8dc8ce53a771b39c67387
	File: /apps/desktop-timer/src/assets/i18n/ach.json:3707-3708
	Guide: https://docs.bridgecrew.io/docs/git_secrets_6

		3707 | 			"PASS*************": "crwdns10847:0crwdne10847:0",

Check: CKV_SECRET_6: "Base64 High Entropy String"
	FAILED for resource: 18114273cd6c0a054048a621c34293863c013fe5
	File: /apps/desktop-timer/src/assets/i18n/ach.json:3708-3709
	Guide: https://docs.bridgecrew.io/docs/git_secrets_6

		3708 | 			"PASSW******************": "crwdns10849:0{{ minLength }}crwdnd10849:0{{ maxLength }}crwdne10849:0"

Check: CKV_SECRET_6: "Base64 High Entropy String"
	FAILED for resource: 9aaea6f329289d80748cea9813719c754b755aa0
	File: /apps/desktop-timer/src/assets/i18n/bg.json:500-501
	Guide: https://docs.bridgecrew.io/docs/git_secrets_6

		500 | 			"UPW***********": "Upwork API key",

Check: CKV_SECRET_6: "Base64 High Entropy String"
	FAILED for resource: 267b809451284bd9e6746b67c9571f681d285cdb
	File: /apps/desktop-timer/src/assets/i18n/bg.json:501-502
	Guide: https://docs.bridgecrew.io/docs/git_secrets_6

		501 | 			"UPW**********": "Upwork Secret",

Check: CKV_SECRET_6: "Base64 High Entropy String"
	FAILED for resource: 67a8292c9106e09f587ca2573a2be318c5da251c
	File: /apps/desktop-timer/src/assets/i18n/bg.json:1014-1015
	Guide: https://docs.bridgecrew.io/docs/git_secrets_6

		1014 | 			"CLI**********": "Hubstaff Client Secret",

Check: CKV_SECRET_6: "Base64 High Entropy String"
	FAILED for resource: 99d446b48ca36fe409085b0efe7ae87ced865333
	File: /apps/desktop-timer/src/assets/i18n/bg.json:2388-2389
	Guide: https://docs.bridgecrew.io/docs/git_secrets_6

		2388 | 		"REP************": "Repeat Password",

Check: CKV_SECRET_6: "Base64 High Entropy String"
	FAILED for resource: 46e447bc386c88a86dc9d44dcf92f1fa8408796a
	File: /apps/desktop-timer/src/assets/i18n/bg.json:2393-2394
	Guide: https://docs.bridgecrew.io/docs/git_secrets_6

		2393 | 			"PASSW*****************": "Password Do Not Match!"

Check: CKV_SECRET_6: "Base64 High Entropy String"
	FAILED for resource: 1036b0e06a21c35ebc297acf466add20b8bde9dc
	File: /apps/desktop-timer/src/assets/i18n/bg.json:3695-3696
	Guide: https://docs.bridgecrew.io/docs/git_secrets_6

		3695 | 		"FORGO****************": "Forgot Password?",

Check: CKV_SECRET_6: "Base64 High Entropy String"
	FAILED for resource: 0cffaaeecd3152309be8dc8ce53a771b39c67387
	File: /apps/desktop-timer/src/assets/i18n/bg.json:3707-3708
	Guide: https://docs.bridgecrew.io/docs/git_secrets_6

		3707 | 			"PASS*************": "Password is required!",

Check: CKV_SECRET_6: "Base64 High Entropy String"
	FAILED for resource: 18114273cd6c0a054048a621c34293863c013fe5
	File: /apps/desktop-timer/src/assets/i18n/bg.json:3708-3709
	Guide: https://docs.bridgecrew.io/docs/git_secrets_6

		3708 | 			"PASSW******************": "Password should contain from {{ minLength }} to {{ maxLength }} characters!"

Check: CKV_SECRET_6: "Base64 High Entropy String"
	FAILED for resource: 9aaea6f329289d80748cea9813719c754b755aa0
	File: /apps/desktop-timer/src/assets/i18n/en.json:500-501
	Guide: https://docs.bridgecrew.io/docs/git_secrets_6

		500 | 			"UPW***********": "Upwork API key",

Check: CKV_SECRET_6: "Base64 High Entropy String"
	FAILED for resource: 267b809451284bd9e6746b67c9571f681d285cdb
	File: /apps/desktop-timer/src/assets/i18n/en.json:501-502
	Guide: https://docs.bridgecrew.io/docs/git_secrets_6

		501 | 			"UPW**********": "Upwork Secret",

Check: CKV_SECRET_6: "Base64 High Entropy String"
	FAILED for resource: 67a8292c9106e09f587ca2573a2be318c5da251c
	File: /apps/desktop-timer/src/assets/i18n/en.json:1014-1015
	Guide: https://docs.bridgecrew.io/docs/git_secrets_6

		1014 | 			"CLI**********": "Hubstaff Client Secret",

Check: CKV_SECRET_6: "Base64 High Entropy String"
	FAILED for resource: 99d446b48ca36fe409085b0efe7ae87ced865333
	File: /apps/desktop-timer/src/assets/i18n/en.json:2389-2390
	Guide: https://docs.bridgecrew.io/docs/git_secrets_6

		2389 | 		"REP************": "Repeat Password",

Check: CKV_SECRET_6: "Base64 High Entropy String"
	FAILED for resource: 46e447bc386c88a86dc9d44dcf92f1fa8408796a
	File: /apps/desktop-timer/src/assets/i18n/en.json:2394-2395
	Guide: https://docs.bridgecrew.io/docs/git_secrets_6

		2394 | 			"PASSW*****************": "Password Do Not Match!"

Check: CKV_SECRET_6: "Base64 High Entropy String"
	FAILED for resource: 1036b0e06a21c35ebc297acf466add20b8bde9dc
	File: /apps/desktop-timer/src/assets/i18n/en.json:3696-3697
	Guide: https://docs.bridgecrew.io/docs/git_secrets_6

		3696 | 		"FORGO****************": "Forgot Password?",

Check: CKV_SECRET_6: "Base64 High Entropy String"
	FAILED for resource: 0cffaaeecd3152309be8dc8ce53a771b39c67387
	File: /apps/desktop-timer/src/assets/i18n/en.json:3708-3709
	Guide: https://docs.bridgecrew.io/docs/git_secrets_6

		3708 | 			"PASS*************": "Password is required!",

Check: CKV_SECRET_6: "Base64 High Entropy String"
	FAILED for resource: 18114273cd6c0a054048a621c34293863c013fe5
	File: /apps/desktop-timer/src/assets/i18n/en.json:3709-3710
	Guide: https://docs.bridgecrew.io/docs/git_secrets_6

		3709 | 			"PASSW******************": "Password should contain from {{ minLength }} to {{ maxLength }} characters!"

Check: CKV_SECRET_6: "Base64 High Entropy String"
	FAILED for resource: 9aaea6f329289d80748cea9813719c754b755aa0
	File: /apps/desktop-timer/src/assets/i18n/he.json:500-501
	Guide: https://docs.bridgecrew.io/docs/git_secrets_6

		500 | 			"UPW***********": "Upwork API key",

Check: CKV_SECRET_6: "Base64 High Entropy String"
	FAILED for resource: 267b809451284bd9e6746b67c9571f681d285cdb
	File: /apps/desktop-timer/src/assets/i18n/he.json:501-502
	Guide: https://docs.bridgecrew.io/docs/git_secrets_6

		501 | 			"UPW**********": "Upwork Secret",

Check: CKV_SECRET_6: "Base64 High Entropy String"
	FAILED for resource: 67a8292c9106e09f587ca2573a2be318c5da251c
	File: /apps/desktop-timer/src/assets/i18n/he.json:1014-1015
	Guide: https://docs.bridgecrew.io/docs/git_secrets_6

		1014 | 			"CLI**********": "Hubstaff Client Secret",

Check: CKV_SECRET_6: "Base64 High Entropy String"
	FAILED for resource: 99d446b48ca36fe409085b0efe7ae87ced865333
	File: /apps/desktop-timer/src/assets/i18n/he.json:2388-2389
	Guide: https://docs.bridgecrew.io/docs/git_secrets_6

		2388 | 		"REP************": "Repeat Password",

Check: CKV_SECRET_6: "Base64 High Entropy String"
	FAILED for resource: 46e447bc386c88a86dc9d44dcf92f1fa8408796a
	File: /apps/desktop-timer/src/assets/i18n/he.json:2393-2394
	Guide: https://docs.bridgecrew.io/docs/git_secrets_6

		2393 | 			"PASSW*****************": "Password Do Not Match!"

Check: CKV_SECRET_6: "Base64 High Entropy String"
	FAILED for resource: 1036b0e06a21c35ebc297acf466add20b8bde9dc
	File: /apps/desktop-timer/src/assets/i18n/he.json:3695-3696
	Guide: https://docs.bridgecrew.io/docs/git_secrets_6

		3695 | 		"FORGO****************": "Forgot Password?",

Check: CKV_SECRET_6: "Base64 High Entropy String"
	FAILED for resource: 0cffaaeecd3152309be8dc8ce53a771b39c67387
	File: /apps/desktop-timer/src/assets/i18n/he.json:3707-3708
	Guide: https://docs.bridgecrew.io/docs/git_secrets_6

		3707 | 			"PASS*************": "Password is required!",

Check: CKV_SECRET_6: "Base64 High Entropy String"
	FAILED for resource: 18114273cd6c0a054048a621c34293863c013fe5
	File: /apps/desktop-timer/src/assets/i18n/he.json:3708-3709
	Guide: https://docs.bridgecrew.io/docs/git_secrets_6

		3708 | 			"PASSW******************": "Password should contain from {{ minLength }} to {{ maxLength }} characters!"

Check: CKV_SECRET_6: "Base64 High Entropy String"
	FAILED for resource: 9aaea6f329289d80748cea9813719c754b755aa0
	File: /apps/desktop-timer/src/assets/i18n/ru.json:500-501
	Guide: https://docs.bridgecrew.io/docs/git_secrets_6

		500 | 			"UPW***********": "API ключ обновления",

Check: CKV_SECRET_6: "Base64 High Entropy String"
	FAILED for resource: 267b809451284bd9e6746b67c9571f681d285cdb
	File: /apps/desktop-timer/src/assets/i18n/ru.json:501-502
	Guide: https://docs.bridgecrew.io/docs/git_secrets_6

		501 | 			"UPW**********": "Секрет обхода",

Check: CKV_SECRET_6: "Base64 High Entropy String"
	FAILED for resource: 67a8292c9106e09f587ca2573a2be318c5da251c
	File: /apps/desktop-timer/src/assets/i18n/ru.json:1014-1015
	Guide: https://docs.bridgecrew.io/docs/git_secrets_6

		1014 | 			"CLI**********": "Секрет клиента Hubstaff",

Check: CKV_SECRET_6: "Base64 High Entropy String"
	FAILED for resource: 99d446b48ca36fe409085b0efe7ae87ced865333
	File: /apps/desktop-timer/src/assets/i18n/ru.json:2388-2389
	Guide: https://docs.bridgecrew.io/docs/git_secrets_6

		2388 | 		"REP************": "Повторите пароль",

Check: CKV_SECRET_6: "Base64 High Entropy String"
	FAILED for resource: 46e447bc386c88a86dc9d44dcf92f1fa8408796a
	File: /apps/desktop-timer/src/assets/i18n/ru.json:2393-2394
	Guide: https://docs.bridgecrew.io/docs/git_secrets_6

		2393 | 			"PASSW*****************": "Пароль не совпадает!"

Check: CKV_SECRET_6: "Base64 High Entropy String"
	FAILED for resource: 1036b0e06a21c35ebc297acf466add20b8bde9dc
	File: /apps/desktop-timer/src/assets/i18n/ru.json:3695-3696
	Guide: https://docs.bridgecrew.io/docs/git_secrets_6

		3695 | 		"FORGO****************": "Забыли пароль?",

Check: CKV_SECRET_6: "Base64 High Entropy String"
	FAILED for resource: 0cffaaeecd3152309be8dc8ce53a771b39c67387
	File: /apps/desktop-timer/src/assets/i18n/ru.json:3707-3708
	Guide: https://docs.bridgecrew.io/docs/git_secrets_6

		3707 | 			"PASS*************": "Требуется пароль!",

Check: CKV_SECRET_6: "Base64 High Entropy String"
	FAILED for resource: 18114273cd6c0a054048a621c34293863c013fe5
	File: /apps/desktop-timer/src/assets/i18n/ru.json:3708-3709
	Guide: https://docs.bridgecrew.io/docs/git_secrets_6

		3708 | 			"PASSW******************": "Пароль должен содержать от {{ minLength }} до {{ maxLength }} символов!"

Check: CKV_SECRET_6: "Base64 High Entropy String"
	FAILED for resource: 9aaea6f329289d80748cea9813719c754b755aa0
	File: /apps/gauzy/src/assets/i18n/ach.json:567-568
	Guide: https://docs.bridgecrew.io/docs/git_secrets_6

		567 | 			"UPW***********": "crwdns9208:0crwdne9208:0",

Check: CKV_SECRET_6: "Base64 High Entropy String"
	FAILED for resource: 267b809451284bd9e6746b67c9571f681d285cdb
	File: /apps/gauzy/src/assets/i18n/ach.json:568-569
	Guide: https://docs.bridgecrew.io/docs/git_secrets_6

		568 | 			"UPW**********": "crwdns9210:0crwdne9210:0",

Check: CKV_SECRET_6: "Base64 High Entropy String"
	FAILED for resource: 67a8292c9106e09f587ca2573a2be318c5da251c
	File: /apps/gauzy/src/assets/i18n/ach.json:1108-1109
	Guide: https://docs.bridgecrew.io/docs/git_secrets_6

		1108 | 			"CLI**********": "crwdns7020:0crwdne7020:0",

Check: CKV_SECRET_6: "Base64 High Entropy String"
	FAILED for resource: 99d446b48ca36fe409085b0efe7ae87ced865333
	File: /apps/gauzy/src/assets/i18n/ach.json:2551-2552
	Guide: https://docs.bridgecrew.io/docs/git_secrets_6

		2551 | 		"REP************": "crwdns2243:0crwdne2243:0",

Check: CKV_SECRET_6: "Base64 High Entropy String"
	FAILED for resource: 46e447bc386c88a86dc9d44dcf92f1fa8408796a
	File: /apps/gauzy/src/assets/i18n/ach.json:2556-2557
	Guide: https://docs.bridgecrew.io/docs/git_secrets_6

		2556 | 			"PASSW*****************": "crwdns10549:0crwdne10549:0"

Check: CKV_SECRET_6: "Base64 High Entropy String"
	FAILED for resource: 1036b0e06a21c35ebc297acf466add20b8bde9dc
	File: /apps/gauzy/src/assets/i18n/ach.json:3933-3934
	Guide: https://docs.bridgecrew.io/docs/git_secrets_6

		3933 | 		"FORGO****************": "crwdns10833:0crwdne10833:0",

Check: CKV_SECRET_6: "Base64 High Entropy String"
	FAILED for resource: 0cffaaeecd3152309be8dc8ce53a771b39c67387
	File: /apps/gauzy/src/assets/i18n/ach.json:3945-3946
	Guide: https://docs.bridgecrew.io/docs/git_secrets_6

		3945 | 			"PASS*************": "crwdns10847:0crwdne10847:0",

Check: CKV_SECRET_6: "Base64 High Entropy String"
	FAILED for resource: 18114273cd6c0a054048a621c34293863c013fe5
	File: /apps/gauzy/src/assets/i18n/ach.json:3946-3947
	Guide: https://docs.bridgecrew.io/docs/git_secrets_6

		3946 | 			"PASSW******************": "crwdns10849:0{{ minLength }}crwdnd10849:0{{ maxLength }}crwdne10849:0"

Check: CKV_SECRET_6: "Base64 High Entropy String"
	FAILED for resource: a13b8871e94ed773cf8e5c8597b0d4195897b137
	File: /apps/gauzy/src/assets/i18n/ach.json:3958-3959
	Guide: https://docs.bridgecrew.io/docs/git_secrets_6

		3958 | 		"REQUE****************": "crwdns11177:0crwdne11177:0",

Check: CKV_SECRET_6: "Base64 High Entropy String"
	FAILED for resource: 9aaea6f329289d80748cea9813719c754b755aa0
	File: /apps/gauzy/src/assets/i18n/bg.json:568-569
	Guide: https://docs.bridgecrew.io/docs/git_secrets_6

		568 | 			"UPW***********": "Upwork API key",

Check: CKV_SECRET_6: "Base64 High Entropy String"
	FAILED for resource: 267b809451284bd9e6746b67c9571f681d285cdb
	File: /apps/gauzy/src/assets/i18n/bg.json:569-570
	Guide: https://docs.bridgecrew.io/docs/git_secrets_6

		569 | 			"UPW**********": "Upwork Secret",

Check: CKV_SECRET_6: "Base64 High Entropy String"
	FAILED for resource: 67a8292c9106e09f587ca2573a2be318c5da251c
	File: /apps/gauzy/src/assets/i18n/bg.json:1109-1110
	Guide: https://docs.bridgecrew.io/docs/git_secrets_6

		1109 | 			"CLI**********": "Hubstaff Client Secret",

Check: CKV_SECRET_6: "Base64 High Entropy String"
	FAILED for resource: 99d446b48ca36fe409085b0efe7ae87ced865333
	File: /apps/gauzy/src/assets/i18n/bg.json:2560-2561
	Guide: https://docs.bridgecrew.io/docs/git_secrets_6

		2560 | 		"REP************": "Repeat Password",

Check: CKV_SECRET_6: "Base64 High Entropy String"
	FAILED for resource: 46e447bc386c88a86dc9d44dcf92f1fa8408796a
	File: /apps/gauzy/src/assets/i18n/bg.json:2565-2566
	Guide: https://docs.bridgecrew.io/docs/git_secrets_6

		2565 | 			"PASSW*****************": "Password Do Not Match!"

Check: CKV_SECRET_6: "Base64 High Entropy String"
	FAILED for resource: 1036b0e06a21c35ebc297acf466add20b8bde9dc
	File: /apps/gauzy/src/assets/i18n/bg.json:3951-3952
	Guide: https://docs.bridgecrew.io/docs/git_secrets_6

		3951 | 		"FORGO****************": "Forgot Password?",

Check: CKV_SECRET_6: "Base64 High Entropy String"
	FAILED for resource: 0cffaaeecd3152309be8dc8ce53a771b39c67387
	File: /apps/gauzy/src/assets/i18n/bg.json:3963-3964
	Guide: https://docs.bridgecrew.io/docs/git_secrets_6

		3963 | 			"PASS*************": "Password is required!",

Check: CKV_SECRET_6: "Base64 High Entropy String"
	FAILED for resource: 18114273cd6c0a054048a621c34293863c013fe5
	File: /apps/gauzy/src/assets/i18n/bg.json:3964-3965
	Guide: https://docs.bridgecrew.io/docs/git_secrets_6

		3964 | 			"PASSW******************": "Password should contain from {{ minLength }} to {{ maxLength }} characters!"

Check: CKV_SECRET_6: "Base64 High Entropy String"
	FAILED for resource: a13b8871e94ed773cf8e5c8597b0d4195897b137
	File: /apps/gauzy/src/assets/i18n/bg.json:3976-3977
	Guide: https://docs.bridgecrew.io/docs/git_secrets_6

		3976 | 		"REQUE****************": "Request password",

Check: CKV_SECRET_6: "Base64 High Entropy String"
	FAILED for resource: 9aaea6f329289d80748cea9813719c754b755aa0
	File: /apps/gauzy/src/assets/i18n/en.json:567-568
	Guide: https://docs.bridgecrew.io/docs/git_secrets_6

		567 | 			"UPW***********": "Upwork API key",

Check: CKV_SECRET_6: "Base64 High Entropy String"
	FAILED for resource: 267b809451284bd9e6746b67c9571f681d285cdb
	File: /apps/gauzy/src/assets/i18n/en.json:568-569
	Guide: https://docs.bridgecrew.io/docs/git_secrets_6

		568 | 			"UPW**********": "Upwork Secret",

Check: CKV_SECRET_6: "Base64 High Entropy String"
	FAILED for resource: 67a8292c9106e09f587ca2573a2be318c5da251c
	File: /apps/gauzy/src/assets/i18n/en.json:1108-1109
	Guide: https://docs.bridgecrew.io/docs/git_secrets_6

		1108 | 			"CLI**********": "Hubstaff Client Secret",

Check: CKV_SECRET_6: "Base64 High Entropy String"
	FAILED for resource: 99d446b48ca36fe409085b0efe7ae87ced865333
	File: /apps/gauzy/src/assets/i18n/en.json:2571-2572
	Guide: https://docs.bridgecrew.io/docs/git_secrets_6

		2571 | 		"REP************": "Repeat Password",

Check: CKV_SECRET_6: "Base64 High Entropy String"
	FAILED for resource: 46e447bc386c88a86dc9d44dcf92f1fa8408796a
	File: /apps/gauzy/src/assets/i18n/en.json:2576-2577
	Guide: https://docs.bridgecrew.io/docs/git_secrets_6

		2576 | 			"PASSW*****************": "Password Do Not Match!"

Check: CKV_SECRET_6: "Base64 High Entropy String"
	FAILED for resource: 1036b0e06a21c35ebc297acf466add20b8bde9dc
	File: /apps/gauzy/src/assets/i18n/en.json:3963-3964
	Guide: https://docs.bridgecrew.io/docs/git_secrets_6

		3963 | 		"FORGO****************": "Forgot Password?",

Check: CKV_SECRET_6: "Base64 High Entropy String"
	FAILED for resource: 0cffaaeecd3152309be8dc8ce53a771b39c67387
	File: /apps/gauzy/src/assets/i18n/en.json:3975-3976
	Guide: https://docs.bridgecrew.io/docs/git_secrets_6

		3975 | 			"PASS*************": "Password is required!",

Check: CKV_SECRET_6: "Base64 High Entropy String"
	FAILED for resource: 18114273cd6c0a054048a621c34293863c013fe5
	File: /apps/gauzy/src/assets/i18n/en.json:3976-3977
	Guide: https://docs.bridgecrew.io/docs/git_secrets_6

		3976 | 			"PASSW******************": "Password should contain from {{ minLength }} to {{ maxLength }} characters!"

Check: CKV_SECRET_6: "Base64 High Entropy String"
	FAILED for resource: a13b8871e94ed773cf8e5c8597b0d4195897b137
	File: /apps/gauzy/src/assets/i18n/en.json:3988-3989
	Guide: https://docs.bridgecrew.io/docs/git_secrets_6

		3988 | 		"REQUE****************": "Request password",

Check: CKV_SECRET_6: "Base64 High Entropy String"
	FAILED for resource: 9aaea6f329289d80748cea9813719c754b755aa0
	File: /apps/gauzy/src/assets/i18n/he.json:568-569
	Guide: https://docs.bridgecrew.io/docs/git_secrets_6

		568 | 			"UPW***********": "Upwork API key",

Check: CKV_SECRET_6: "Base64 High Entropy String"
	FAILED for resource: 267b809451284bd9e6746b67c9571f681d285cdb
	File: /apps/gauzy/src/assets/i18n/he.json:569-570
	Guide: https://docs.bridgecrew.io/docs/git_secrets_6

		569 | 			"UPW**********": "Upwork Secret",

Check: CKV_SECRET_6: "Base64 High Entropy String"
	FAILED for resource: 67a8292c9106e09f587ca2573a2be318c5da251c
	File: /apps/gauzy/src/assets/i18n/he.json:1109-1110
	Guide: https://docs.bridgecrew.io/docs/git_secrets_6

		1109 | 			"CLI**********": "Hubstaff Client Secret",

Check: CKV_SECRET_6: "Base64 High Entropy String"
	FAILED for resource: 99d446b48ca36fe409085b0efe7ae87ced865333
	File: /apps/gauzy/src/assets/i18n/he.json:2560-2561
	Guide: https://docs.bridgecrew.io/docs/git_secrets_6

		2560 | 		"REP************": "Repeat Password",

Check: CKV_SECRET_6: "Base64 High Entropy String"
	FAILED for resource: 46e447bc386c88a86dc9d44dcf92f1fa8408796a
	File: /apps/gauzy/src/assets/i18n/he.json:2565-2566
	Guide: https://docs.bridgecrew.io/docs/git_secrets_6

		2565 | 			"PASSW*****************": "Password Do Not Match!"

Check: CKV_SECRET_6: "Base64 High Entropy String"
	FAILED for resource: 1036b0e06a21c35ebc297acf466add20b8bde9dc
	File: /apps/gauzy/src/assets/i18n/he.json:3951-3952
	Guide: https://docs.bridgecrew.io/docs/git_secrets_6

		3951 | 		"FORGO****************": "Forgot Password?",

Check: CKV_SECRET_6: "Base64 High Entropy String"
	FAILED for resource: 0cffaaeecd3152309be8dc8ce53a771b39c67387
	File: /apps/gauzy/src/assets/i18n/he.json:3963-3964
	Guide: https://docs.bridgecrew.io/docs/git_secrets_6

		3963 | 			"PASS*************": "Password is required!",

Check: CKV_SECRET_6: "Base64 High Entropy String"
	FAILED for resource: 18114273cd6c0a054048a621c34293863c013fe5
	File: /apps/gauzy/src/assets/i18n/he.json:3964-3965
	Guide: https://docs.bridgecrew.io/docs/git_secrets_6

		3964 | 			"PASSW******************": "Password should contain from {{ minLength }} to {{ maxLength }} characters!"

Check: CKV_SECRET_6: "Base64 High Entropy String"
	FAILED for resource: a13b8871e94ed773cf8e5c8597b0d4195897b137
	File: /apps/gauzy/src/assets/i18n/he.json:3976-3977
	Guide: https://docs.bridgecrew.io/docs/git_secrets_6

		3976 | 		"REQUE****************": "Request password",

Check: CKV_SECRET_6: "Base64 High Entropy String"
	FAILED for resource: 9aaea6f329289d80748cea9813719c754b755aa0
	File: /apps/gauzy/src/assets/i18n/ru.json:568-569
	Guide: https://docs.bridgecrew.io/docs/git_secrets_6

		568 | 			"UPW***********": "API ключ обновления",

Check: CKV_SECRET_6: "Base64 High Entropy String"
	FAILED for resource: 267b809451284bd9e6746b67c9571f681d285cdb
	File: /apps/gauzy/src/assets/i18n/ru.json:569-570
	Guide: https://docs.bridgecrew.io/docs/git_secrets_6

		569 | 			"UPW**********": "Секрет обхода",

Check: CKV_SECRET_6: "Base64 High Entropy String"
	FAILED for resource: 67a8292c9106e09f587ca2573a2be318c5da251c
	File: /apps/gauzy/src/assets/i18n/ru.json:1109-1110
	Guide: https://docs.bridgecrew.io/docs/git_secrets_6

		1109 | 			"CLI**********": "Секрет клиента Hubstaff",

Check: CKV_SECRET_6: "Base64 High Entropy String"
	FAILED for resource: 99d446b48ca36fe409085b0efe7ae87ced865333
	File: /apps/gauzy/src/assets/i18n/ru.json:2560-2561
	Guide: https://docs.bridgecrew.io/docs/git_secrets_6

		2560 | 		"REP************": "Повторите пароль",

Check: CKV_SECRET_6: "Base64 High Entropy String"
	FAILED for resource: 46e447bc386c88a86dc9d44dcf92f1fa8408796a
	File: /apps/gauzy/src/assets/i18n/ru.json:2565-2566
	Guide: https://docs.bridgecrew.io/docs/git_secrets_6

		2565 | 			"PASSW*****************": "Пароль не совпадает!"

Check: CKV_SECRET_6: "Base64 High Entropy String"
	FAILED for resource: 1036b0e06a21c35ebc297acf466add20b8bde9dc
	File: /apps/gauzy/src/assets/i18n/ru.json:3951-3952
	Guide: https://docs.bridgecrew.io/docs/git_secrets_6

		3951 | 		"FORGO****************": "Забыли пароль?",

Check: CKV_SECRET_6: "Base64 High Entropy String"
	FAILED for resource: 0cffaaeecd3152309be8dc8ce53a771b39c67387
	File: /apps/gauzy/src/assets/i18n/ru.json:3963-3964
	Guide: https://docs.bridgecrew.io/docs/git_secrets_6

		3963 | 			"PASS*************": "Требуется пароль!",

Check: CKV_SECRET_6: "Base64 High Entropy String"
	FAILED for resource: 18114273cd6c0a054048a621c34293863c013fe5
	File: /apps/gauzy/src/assets/i18n/ru.json:3964-3965
	Guide: https://docs.bridgecrew.io/docs/git_secrets_6

		3964 | 			"PASSW******************": "Пароль должен содержать от {{ minLength }} до {{ maxLength }} символов!"

Check: CKV_SECRET_6: "Base64 High Entropy String"
	FAILED for resource: a13b8871e94ed773cf8e5c8597b0d4195897b137
	File: /apps/gauzy/src/assets/i18n/ru.json:3976-3977
	Guide: https://docs.bridgecrew.io/docs/git_secrets_6

		3976 | 		"REQUE****************": "Запросить пароль",

Check: CKV_SECRET_6: "Base64 High Entropy String"
	FAILED for resource: c8062d5ed34d4fee18b863657a987499ee68f67b
	File: /docker-compose.demo.yml:59-60
	Guide: https://docs.bridgecrew.io/docs/git_secrets_6

		59 |             MINIO_ROOT_PASSWORD: ever-****************

Check: CKV_SECRET_6: "Base64 High Entropy String"
	FAILED for resource: c8062d5ed34d4fee18b863657a987499ee68f67b
	File: /docker-compose.yml:59-60
	Guide: https://docs.bridgecrew.io/docs/git_secrets_6

		59 |             MINIO_ROOT_PASSWORD: ever-****************

github_actions scan results:

Passed checks: 1436, Failed checks: 0, Skipped checks: 0

circleci_pipelines scan results:

Passed checks: 182, Failed checks: 0, Skipped checks: 0



